INFO [2022-09-01 09:23:41] [[1]]
INFO [2022-09-01 09:23:41] list(sigCTL_df$gene_symbol, sigFNF_df$gene_symbol)
INFO [2022-09-01 09:23:41] 
INFO [2022-09-01 09:23:41] $filename
INFO [2022-09-01 09:23:41] [1] "plots/geneVenn.tiff"
INFO [2022-09-01 09:23:41] 
INFO [2022-09-01 09:23:41] $category.names
INFO [2022-09-01 09:23:41] c("Control", "FN-f")
INFO [2022-09-01 09:23:41] 
INFO [2022-09-01 09:23:41] $output
INFO [2022-09-01 09:23:41] [1] TRUE
INFO [2022-09-01 09:23:41] 
INFO [2022-09-01 09:23:41] $lwd
INFO [2022-09-01 09:23:41] [1] 0
INFO [2022-09-01 09:23:41] 
INFO [2022-09-01 09:23:41] $fill
INFO [2022-09-01 09:23:41] c("#7bc5ee", "#fc7971")
INFO [2022-09-01 09:23:41] 
INFO [2022-09-01 09:23:41] $label.col
INFO [2022-09-01 09:23:41] [1] "grey35"
INFO [2022-09-01 09:23:41] 
INFO [2022-09-01 09:23:41] $cat.col
INFO [2022-09-01 09:23:41] c("#7bc5ee", "#fc7971")
INFO [2022-09-01 09:23:41] 
INFO [2022-09-01 09:23:41] $cat.pos
INFO [2022-09-01 09:23:41] c(360, 360)
INFO [2022-09-01 09:23:41] 
INFO [2022-09-01 09:23:41] $cex
INFO [2022-09-01 09:23:41] [1] 2
INFO [2022-09-01 09:23:41] 
INFO [2022-09-01 09:23:41] $cat.cex
INFO [2022-09-01 09:23:41] [1] 2.1
INFO [2022-09-01 09:23:41] 
INFO [2022-09-01 09:23:41] $rotation.degree
INFO [2022-09-01 09:23:41] [1] 180
INFO [2022-09-01 09:23:41] 
