INFO [2022-08-30 14:14:01] [[1]]
INFO [2022-08-30 14:14:01] list(sigCTL$rsid, sigFNF$rsid)
INFO [2022-08-30 14:14:01] 
INFO [2022-08-30 14:14:01] $filename
INFO [2022-08-30 14:14:01] [1] "plots/snpVenn.tiff"
INFO [2022-08-30 14:14:01] 
INFO [2022-08-30 14:14:01] $category.names
INFO [2022-08-30 14:14:01] c("Control", "FN-f")
INFO [2022-08-30 14:14:01] 
INFO [2022-08-30 14:14:01] $output
INFO [2022-08-30 14:14:01] [1] TRUE
INFO [2022-08-30 14:14:01] 
INFO [2022-08-30 14:14:01] $lwd
INFO [2022-08-30 14:14:01] [1] 0
INFO [2022-08-30 14:14:01] 
INFO [2022-08-30 14:14:01] $fill
INFO [2022-08-30 14:14:01] c("#7bc5ee", "#fc7971")
INFO [2022-08-30 14:14:01] 
INFO [2022-08-30 14:14:01] $label.col
INFO [2022-08-30 14:14:01] [1] "grey35"
INFO [2022-08-30 14:14:01] 
INFO [2022-08-30 14:14:01] $cat.col
INFO [2022-08-30 14:14:01] c("#7bc5ee", "#fc7971")
INFO [2022-08-30 14:14:01] 
INFO [2022-08-30 14:14:01] $cat.pos
INFO [2022-08-30 14:14:01] c(360, 360)
INFO [2022-08-30 14:14:01] 
INFO [2022-08-30 14:14:01] $cex
INFO [2022-08-30 14:14:01] [1] 2
INFO [2022-08-30 14:14:01] 
INFO [2022-08-30 14:14:01] $cat.cex
INFO [2022-08-30 14:14:01] [1] 2.1
INFO [2022-08-30 14:14:01] 
INFO [2022-08-30 14:14:01] $rotation.degree
INFO [2022-08-30 14:14:01] [1] 180
INFO [2022-08-30 14:14:01] 
