INFO [2022-08-30 15:16:24] [[1]]
INFO [2022-08-30 15:16:24] list(sigCTL$rsid, sigFNF$rsid)
INFO [2022-08-30 15:16:24] 
INFO [2022-08-30 15:16:24] $filename
INFO [2022-08-30 15:16:24] [1] "plots/snpVenn.tiff"
INFO [2022-08-30 15:16:24] 
INFO [2022-08-30 15:16:24] $category.names
INFO [2022-08-30 15:16:24] c("Control", "FN-f")
INFO [2022-08-30 15:16:24] 
INFO [2022-08-30 15:16:24] $output
INFO [2022-08-30 15:16:24] [1] TRUE
INFO [2022-08-30 15:16:24] 
INFO [2022-08-30 15:16:24] $lwd
INFO [2022-08-30 15:16:24] [1] 0
INFO [2022-08-30 15:16:24] 
INFO [2022-08-30 15:16:24] $fill
INFO [2022-08-30 15:16:24] c("#7bc5ee", "#fc7971")
INFO [2022-08-30 15:16:24] 
INFO [2022-08-30 15:16:24] $label.col
INFO [2022-08-30 15:16:24] [1] "grey35"
INFO [2022-08-30 15:16:24] 
INFO [2022-08-30 15:16:24] $cat.col
INFO [2022-08-30 15:16:24] c("#7bc5ee", "#fc7971")
INFO [2022-08-30 15:16:24] 
INFO [2022-08-30 15:16:24] $cat.pos
INFO [2022-08-30 15:16:24] c(360, 360)
INFO [2022-08-30 15:16:24] 
INFO [2022-08-30 15:16:24] $cex
INFO [2022-08-30 15:16:24] [1] 2
INFO [2022-08-30 15:16:24] 
INFO [2022-08-30 15:16:24] $cat.cex
INFO [2022-08-30 15:16:24] [1] 2.1
INFO [2022-08-30 15:16:24] 
INFO [2022-08-30 15:16:24] $rotation.degree
INFO [2022-08-30 15:16:24] [1] 180
INFO [2022-08-30 15:16:24] 
