INFO [2022-08-30 16:37:21] [[1]]
INFO [2022-08-30 16:37:21] list(sigCTL_df$rsid, sigFNF_df$rsid)
INFO [2022-08-30 16:37:21] 
INFO [2022-08-30 16:37:21] $filename
INFO [2022-08-30 16:37:21] [1] "plots/snpVenn.tiff"
INFO [2022-08-30 16:37:21] 
INFO [2022-08-30 16:37:21] $category.names
INFO [2022-08-30 16:37:21] c("Control", "FN-f")
INFO [2022-08-30 16:37:21] 
INFO [2022-08-30 16:37:21] $output
INFO [2022-08-30 16:37:21] [1] TRUE
INFO [2022-08-30 16:37:21] 
INFO [2022-08-30 16:37:21] $lwd
INFO [2022-08-30 16:37:21] [1] 0
INFO [2022-08-30 16:37:21] 
INFO [2022-08-30 16:37:21] $fill
INFO [2022-08-30 16:37:21] c("#7bc5ee", "#fc7971")
INFO [2022-08-30 16:37:21] 
INFO [2022-08-30 16:37:21] $label.col
INFO [2022-08-30 16:37:21] [1] "grey35"
INFO [2022-08-30 16:37:21] 
INFO [2022-08-30 16:37:21] $cat.col
INFO [2022-08-30 16:37:21] c("#7bc5ee", "#fc7971")
INFO [2022-08-30 16:37:21] 
INFO [2022-08-30 16:37:21] $cat.pos
INFO [2022-08-30 16:37:21] c(360, 360)
INFO [2022-08-30 16:37:21] 
INFO [2022-08-30 16:37:21] $cex
INFO [2022-08-30 16:37:21] [1] 2
INFO [2022-08-30 16:37:21] 
INFO [2022-08-30 16:37:21] $cat.cex
INFO [2022-08-30 16:37:21] [1] 2.1
INFO [2022-08-30 16:37:21] 
INFO [2022-08-30 16:37:21] $rotation.degree
INFO [2022-08-30 16:37:21] [1] 180
INFO [2022-08-30 16:37:21] 
