WARNING: pip is being invoked by an old script wrapper. This will fail in a future version of pip.
Please see https://github.com/pypa/pip/issues/5599 for advice on fixing the underlying issue.
To avoid this problem you can invoke Python with '-m pip' instead of running pip directly.
Keyring is skipped due to an exception: [Errno 2] No such file or directory
Collecting snakemake==5.10.0
  Using cached snakemake-5.10.0.tar.gz (200 kB)
Requirement already satisfied: wrapt in /nas/longleaf/apps/python/3.6.6/lib/python3.6/site-packages (from snakemake==5.10.0->-r config/requirements.txt (line 1)) (1.12.1)
Requirement already satisfied: requests in /nas/longleaf/apps/python/3.6.6/lib/python3.6/site-packages (from snakemake==5.10.0->-r config/requirements.txt (line 1)) (2.25.1)
Requirement already satisfied: ratelimiter in /nas/longleaf/apps/python/3.6.6/lib/python3.6/site-packages (from snakemake==5.10.0->-r config/requirements.txt (line 1)) (1.2.0.post0)
Requirement already satisfied: pyyaml in /nas/longleaf/apps/python/3.6.6/lib/python3.6/site-packages (from snakemake==5.10.0->-r config/requirements.txt (line 1)) (5.4.1)
Requirement already satisfied: configargparse in /nas/longleaf/apps/python/3.6.6/lib/python3.6/site-packages (from snakemake==5.10.0->-r config/requirements.txt (line 1)) (0.13.0)
Requirement already satisfied: appdirs in /nas/longleaf/apps/python/3.6.6/lib/python3.6/site-packages (from snakemake==5.10.0->-r config/requirements.txt (line 1)) (1.4.3)
Requirement already satisfied: datrie in /nas/longleaf/apps/python/3.6.6/lib/python3.6/site-packages (from snakemake==5.10.0->-r config/requirements.txt (line 1)) (0.7.1)
Requirement already satisfied: jsonschema in /nas/longleaf/apps/python/3.6.6/lib/python3.6/site-packages (from snakemake==5.10.0->-r config/requirements.txt (line 1)) (3.2.0)
Requirement already satisfied: docutils in /nas/longleaf/apps/python/3.6.6/lib/python3.6/site-packages (from snakemake==5.10.0->-r config/requirements.txt (line 1)) (0.14)
Requirement already satisfied: gitpython in /nas/longleaf/apps/python/3.6.6/lib/python3.6/site-packages (from snakemake==5.10.0->-r config/requirements.txt (line 1)) (3.1.0)
Requirement already satisfied: psutil in /nas/longleaf/apps/python/3.6.6/lib/python3.6/site-packages (from snakemake==5.10.0->-r config/requirements.txt (line 1)) (5.7.0)
Requirement already satisfied: nbformat in /nas/longleaf/apps/python/3.6.6/lib/python3.6/site-packages (from snakemake==5.10.0->-r config/requirements.txt (line 1)) (4.4.0)
Requirement already satisfied: toposort in /nas/longleaf/apps/python/3.6.6/lib/python3.6/site-packages (from snakemake==5.10.0->-r config/requirements.txt (line 1)) (1.5)
Requirement already satisfied: idna<3,>=2.5 in /nas/longleaf/apps/python/3.6.6/lib/python3.6/site-packages (from requests->snakemake==5.10.0->-r config/requirements.txt (line 1)) (2.7)
Requirement already satisfied: chardet<5,>=3.0.2 in /nas/longleaf/apps/python/3.6.6/lib/python3.6/site-packages (from requests->snakemake==5.10.0->-r config/requirements.txt (line 1)) (3.0.4)
Requirement already satisfied: urllib3<1.27,>=1.21.1 in /nas/longleaf/apps/python/3.6.6/lib/python3.6/site-packages (from requests->snakemake==5.10.0->-r config/requirements.txt (line 1)) (1.23)
Requirement already satisfied: certifi>=2017.4.17 in /nas/longleaf/apps/python/3.6.6/lib/python3.6/site-packages (from requests->snakemake==5.10.0->-r config/requirements.txt (line 1)) (2018.8.24)
Requirement already satisfied: attrs>=17.4.0 in /nas/longleaf/apps/python/3.6.6/lib/python3.6/site-packages (from jsonschema->snakemake==5.10.0->-r config/requirements.txt (line 1)) (18.2.0)
Requirement already satisfied: pyrsistent>=0.14.0 in /nas/longleaf/apps/python/3.6.6/lib/python3.6/site-packages (from jsonschema->snakemake==5.10.0->-r config/requirements.txt (line 1)) (0.16.0)
Requirement already satisfied: six>=1.11.0 in /nas/longleaf/apps/python/3.6.6/lib/python3.6/site-packages (from jsonschema->snakemake==5.10.0->-r config/requirements.txt (line 1)) (1.11.0)
Requirement already satisfied: importlib-metadata; python_version < "3.8" in /nas/longleaf/apps/python/3.6.6/lib/python3.6/site-packages (from jsonschema->snakemake==5.10.0->-r config/requirements.txt (line 1)) (1.6.1)
Requirement already satisfied: setuptools in /nas/longleaf/apps/python/3.6.6/lib/python3.6/site-packages (from jsonschema->snakemake==5.10.0->-r config/requirements.txt (line 1)) (53.0.0)
Requirement already satisfied: gitdb<5,>=4.0.1 in /nas/longleaf/apps/python/3.6.6/lib/python3.6/site-packages (from gitpython->snakemake==5.10.0->-r config/requirements.txt (line 1)) (4.0.2)
Requirement already satisfied: traitlets>=4.1 in /nas/longleaf/apps/python/3.6.6/lib/python3.6/site-packages (from nbformat->snakemake==5.10.0->-r config/requirements.txt (line 1)) (4.3.2)
Requirement already satisfied: jupyter-core in /nas/longleaf/apps/python/3.6.6/lib/python3.6/site-packages (from nbformat->snakemake==5.10.0->-r config/requirements.txt (line 1)) (4.4.0)
Requirement already satisfied: ipython-genutils in /nas/longleaf/apps/python/3.6.6/lib/python3.6/site-packages (from nbformat->snakemake==5.10.0->-r config/requirements.txt (line 1)) (0.2.0)
Requirement already satisfied: zipp>=0.5 in /nas/longleaf/apps/python/3.6.6/lib/python3.6/site-packages (from importlib-metadata; python_version < "3.8"->jsonschema->snakemake==5.10.0->-r config/requirements.txt (line 1)) (3.1.0)
Requirement already satisfied: smmap<4,>=3.0.1 in /nas/longleaf/apps/python/3.6.6/lib/python3.6/site-packages (from gitdb<5,>=4.0.1->gitpython->snakemake==5.10.0->-r config/requirements.txt (line 1)) (3.0.1)
Requirement already satisfied: decorator in /nas/longleaf/apps/python/3.6.6/lib/python3.6/site-packages (from traitlets>=4.1->nbformat->snakemake==5.10.0->-r config/requirements.txt (line 1)) (4.3.0)
Installing collected packages: snakemake
  Attempting uninstall: snakemake
    Found existing installation: snakemake 5.13.0
    Not uninstalling snakemake at /nas/longleaf/apps/python/3.6.6/lib/python3.6/site-packages, outside environment /pine/scr/n/e/nekramer/8_1_22_AIproc/CQTL/AllelicImbalance/processing/env
    Can't uninstall 'snakemake'. No files were found to uninstall.
    Running setup.py install for snakemake: started
    Running setup.py install for snakemake: finished with status 'done'
Successfully installed snakemake-5.10.0
WARNING: You are using pip version 20.0.2; however, version 21.3.1 is available.
You should consider upgrading via the '/pine/scr/n/e/nekramer/8_1_22_AIproc/CQTL/AllelicImbalance/processing/env/bin/python3 -m pip install --upgrade pip' command.
Building DAG of jobs...
Using shell: /usr/bin/bash
Provided cluster nodes: 100
Job counts:
	count	jobs
	1	all
	22	getHapGenes
	22	joinHapASEP
	45

[Sat Aug 27 22:08:05 2022]
rule getHapGenes:
    input: output/AI/chr3_ASEP.csv
    output: genes_chr3.done
    log: output/AI/logs/getHapGenes_chr3.out
    jobid: 25
    wildcards: chrom=3

Submitted job 25 with external jobid '53360063'.

[Sat Aug 27 22:08:05 2022]
rule getHapGenes:
    input: output/AI/chr14_ASEP.csv
    output: genes_chr14.done
    log: output/AI/logs/getHapGenes_chr14.out
    jobid: 36
    wildcards: chrom=14

Submitted job 36 with external jobid '53360064'.

[Sat Aug 27 22:08:05 2022]
rule getHapGenes:
    input: output/AI/chr21_ASEP.csv
    output: genes_chr21.done
    log: output/AI/logs/getHapGenes_chr21.out
    jobid: 43
    wildcards: chrom=21

Submitted job 43 with external jobid '53360065'.

[Sat Aug 27 22:08:05 2022]
rule getHapGenes:
    input: output/AI/chr7_ASEP.csv
    output: genes_chr7.done
    log: output/AI/logs/getHapGenes_chr7.out
    jobid: 29
    wildcards: chrom=7

Submitted job 29 with external jobid '53360066'.

[Sat Aug 27 22:08:05 2022]
rule getHapGenes:
    input: output/AI/chr8_ASEP.csv
    output: genes_chr8.done
    log: output/AI/logs/getHapGenes_chr8.out
    jobid: 30
    wildcards: chrom=8

Submitted job 30 with external jobid '53360067'.

[Sat Aug 27 22:08:06 2022]
rule getHapGenes:
    input: output/AI/chr16_ASEP.csv
    output: genes_chr16.done
    log: output/AI/logs/getHapGenes_chr16.out
    jobid: 38
    wildcards: chrom=16

Submitted job 38 with external jobid '53360068'.

[Sat Aug 27 22:08:06 2022]
rule getHapGenes:
    input: output/AI/chr19_ASEP.csv
    output: genes_chr19.done
    log: output/AI/logs/getHapGenes_chr19.out
    jobid: 41
    wildcards: chrom=19

Submitted job 41 with external jobid '53360069'.

[Sat Aug 27 22:08:06 2022]
rule getHapGenes:
    input: output/AI/chr9_ASEP.csv
    output: genes_chr9.done
    log: output/AI/logs/getHapGenes_chr9.out
    jobid: 31
    wildcards: chrom=9

Submitted job 31 with external jobid '53360070'.

[Sat Aug 27 22:08:06 2022]
rule getHapGenes:
    input: output/AI/chr1_ASEP.csv
    output: genes_chr1.done
    log: output/AI/logs/getHapGenes_chr1.out
    jobid: 23
    wildcards: chrom=1

Submitted job 23 with external jobid '53360071'.

[Sat Aug 27 22:08:06 2022]
rule getHapGenes:
    input: output/AI/chr15_ASEP.csv
    output: genes_chr15.done
    log: output/AI/logs/getHapGenes_chr15.out
    jobid: 37
    wildcards: chrom=15

Submitted job 37 with external jobid '53360072'.

[Sat Aug 27 22:08:07 2022]
rule getHapGenes:
    input: output/AI/chr5_ASEP.csv
    output: genes_chr5.done
    log: output/AI/logs/getHapGenes_chr5.out
    jobid: 27
    wildcards: chrom=5

Submitted job 27 with external jobid '53360073'.

[Sat Aug 27 22:08:07 2022]
rule getHapGenes:
    input: output/AI/chr4_ASEP.csv
    output: genes_chr4.done
    log: output/AI/logs/getHapGenes_chr4.out
    jobid: 26
    wildcards: chrom=4

Submitted job 26 with external jobid '53360074'.

[Sat Aug 27 22:08:07 2022]
rule getHapGenes:
    input: output/AI/chr20_ASEP.csv
    output: genes_chr20.done
    log: output/AI/logs/getHapGenes_chr20.out
    jobid: 42
    wildcards: chrom=20

Submitted job 42 with external jobid '53360075'.

[Sat Aug 27 22:08:07 2022]
rule getHapGenes:
    input: output/AI/chr18_ASEP.csv
    output: genes_chr18.done
    log: output/AI/logs/getHapGenes_chr18.out
    jobid: 40
    wildcards: chrom=18

Submitted job 40 with external jobid '53360076'.

[Sat Aug 27 22:08:07 2022]
rule getHapGenes:
    input: output/AI/chr10_ASEP.csv
    output: genes_chr10.done
    log: output/AI/logs/getHapGenes_chr10.out
    jobid: 32
    wildcards: chrom=10

Submitted job 32 with external jobid '53360077'.

[Sat Aug 27 22:08:08 2022]
rule getHapGenes:
    input: output/AI/chr13_ASEP.csv
    output: genes_chr13.done
    log: output/AI/logs/getHapGenes_chr13.out
    jobid: 35
    wildcards: chrom=13

Submitted job 35 with external jobid '53360078'.

[Sat Aug 27 22:08:08 2022]
rule getHapGenes:
    input: output/AI/chr17_ASEP.csv
    output: genes_chr17.done
    log: output/AI/logs/getHapGenes_chr17.out
    jobid: 39
    wildcards: chrom=17

Submitted job 39 with external jobid '53360079'.

[Sat Aug 27 22:08:08 2022]
rule getHapGenes:
    input: output/AI/chr6_ASEP.csv
    output: genes_chr6.done
    log: output/AI/logs/getHapGenes_chr6.out
    jobid: 28
    wildcards: chrom=6

Submitted job 28 with external jobid '53360080'.

[Sat Aug 27 22:08:08 2022]
rule getHapGenes:
    input: output/AI/chr22_ASEP.csv
    output: genes_chr22.done
    log: output/AI/logs/getHapGenes_chr22.out
    jobid: 44
    wildcards: chrom=22

Submitted job 44 with external jobid '53360081'.

[Sat Aug 27 22:08:08 2022]
rule getHapGenes:
    input: output/AI/chr12_ASEP.csv
    output: genes_chr12.done
    log: output/AI/logs/getHapGenes_chr12.out
    jobid: 34
    wildcards: chrom=12

Submitted job 34 with external jobid '53360082'.

[Sat Aug 27 22:08:09 2022]
rule getHapGenes:
    input: output/AI/chr2_ASEP.csv
    output: genes_chr2.done
    log: output/AI/logs/getHapGenes_chr2.out
    jobid: 24
    wildcards: chrom=2

Submitted job 24 with external jobid '53360083'.

[Sat Aug 27 22:08:09 2022]
rule getHapGenes:
    input: output/AI/chr11_ASEP.csv
    output: genes_chr11.done
    log: output/AI/logs/getHapGenes_chr11.out
    jobid: 33
    wildcards: chrom=11

Submitted job 33 with external jobid '53360084'.
[Sat Aug 27 22:10:58 2022]
Finished job 43.
1 of 45 steps (2%) done

[Sat Aug 27 22:10:58 2022]
rule joinHapASEP:
    input: genes_chr21.done
    output: output/AI/chr21_ASEPfinal.txt, output/AI/chr21_ASEPfinal_geneInfo.txt
    jobid: 21
    wildcards: chrom=21

Submitted job 21 with external jobid '53360088'.
[Sat Aug 27 22:11:28 2022]
Finished job 21.
2 of 45 steps (4%) done
[Sat Aug 27 22:11:43 2022]
Finished job 36.
3 of 45 steps (7%) done

[Sat Aug 27 22:11:43 2022]
rule joinHapASEP:
    input: genes_chr14.done
    output: output/AI/chr14_ASEPfinal.txt, output/AI/chr14_ASEPfinal_geneInfo.txt
    jobid: 14
    wildcards: chrom=14

Submitted job 14 with external jobid '53360089'.
[Sat Aug 27 22:11:45 2022]
Finished job 40.
4 of 45 steps (9%) done

[Sat Aug 27 22:11:45 2022]
rule joinHapASEP:
    input: genes_chr18.done
    output: output/AI/chr18_ASEPfinal.txt, output/AI/chr18_ASEPfinal_geneInfo.txt
    jobid: 18
    wildcards: chrom=18

Submitted job 18 with external jobid '53360090'.
[Sat Aug 27 22:11:45 2022]
Finished job 35.
5 of 45 steps (11%) done

[Sat Aug 27 22:11:45 2022]
rule joinHapASEP:
    input: genes_chr13.done
    output: output/AI/chr13_ASEPfinal.txt, output/AI/chr13_ASEPfinal_geneInfo.txt
    jobid: 13
    wildcards: chrom=13

Submitted job 13 with external jobid '53360091'.
[Sat Aug 27 22:11:57 2022]
Finished job 14.
6 of 45 steps (13%) done
[Sat Aug 27 22:11:57 2022]
Finished job 18.
7 of 45 steps (16%) done
[Sat Aug 27 22:11:57 2022]
Finished job 13.
8 of 45 steps (18%) done
[Sat Aug 27 22:12:14 2022]
Finished job 42.
9 of 45 steps (20%) done

[Sat Aug 27 22:12:14 2022]
rule joinHapASEP:
    input: genes_chr20.done
    output: output/AI/chr20_ASEPfinal.txt, output/AI/chr20_ASEPfinal_geneInfo.txt
    jobid: 20
    wildcards: chrom=20

Submitted job 20 with external jobid '53360093'.
[Sat Aug 27 22:12:15 2022]
Finished job 44.
10 of 45 steps (22%) done

[Sat Aug 27 22:12:15 2022]
rule joinHapASEP:
    input: genes_chr22.done
    output: output/AI/chr22_ASEPfinal.txt, output/AI/chr22_ASEPfinal_geneInfo.txt
    jobid: 22
    wildcards: chrom=22

Submitted job 22 with external jobid '53360094'.
[Sat Aug 27 22:12:25 2022]
Finished job 20.
11 of 45 steps (24%) done
[Sat Aug 27 22:12:26 2022]
Finished job 22.
12 of 45 steps (27%) done
[Sat Aug 27 22:13:34 2022]
Finished job 38.
13 of 45 steps (29%) done

[Sat Aug 27 22:13:34 2022]
rule joinHapASEP:
    input: genes_chr16.done
    output: output/AI/chr16_ASEPfinal.txt, output/AI/chr16_ASEPfinal_geneInfo.txt
    jobid: 16
    wildcards: chrom=16

Submitted job 16 with external jobid '53360131'.
[Sat Aug 27 22:13:35 2022]
Finished job 37.
14 of 45 steps (31%) done

[Sat Aug 27 22:13:35 2022]
rule joinHapASEP:
    input: genes_chr15.done
    output: output/AI/chr15_ASEPfinal.txt, output/AI/chr15_ASEPfinal_geneInfo.txt
    jobid: 15
    wildcards: chrom=15

Submitted job 15 with external jobid '53360132'.
[Sat Aug 27 22:13:47 2022]
Finished job 16.
15 of 45 steps (33%) done
[Sat Aug 27 22:13:47 2022]
Finished job 15.
16 of 45 steps (36%) done
[Sat Aug 27 22:13:49 2022]
Finished job 32.
17 of 45 steps (38%) done

[Sat Aug 27 22:13:49 2022]
rule joinHapASEP:
    input: genes_chr10.done
    output: output/AI/chr10_ASEPfinal.txt, output/AI/chr10_ASEPfinal_geneInfo.txt
    jobid: 10
    wildcards: chrom=10

Submitted job 10 with external jobid '53360133'.
[Sat Aug 27 22:14:00 2022]
Finished job 10.
18 of 45 steps (40%) done
[Sat Aug 27 22:14:27 2022]
Finished job 30.
19 of 45 steps (42%) done

[Sat Aug 27 22:14:27 2022]
rule joinHapASEP:
    input: genes_chr8.done
    output: output/AI/chr8_ASEPfinal.txt, output/AI/chr8_ASEPfinal_geneInfo.txt
    jobid: 8
    wildcards: chrom=8

Submitted job 8 with external jobid '53360134'.
[Sat Aug 27 22:14:27 2022]
Finished job 31.
20 of 45 steps (44%) done

[Sat Aug 27 22:14:27 2022]
rule joinHapASEP:
    input: genes_chr9.done
    output: output/AI/chr9_ASEPfinal.txt, output/AI/chr9_ASEPfinal_geneInfo.txt
    jobid: 9
    wildcards: chrom=9

Submitted job 9 with external jobid '53360135'.
[Sat Aug 27 22:14:28 2022]
Finished job 34.
21 of 45 steps (47%) done

[Sat Aug 27 22:14:28 2022]
rule joinHapASEP:
    input: genes_chr12.done
    output: output/AI/chr12_ASEPfinal.txt, output/AI/chr12_ASEPfinal_geneInfo.txt
    jobid: 12
    wildcards: chrom=12

Submitted job 12 with external jobid '53360136'.
[Sat Aug 27 22:14:41 2022]
Finished job 26.
22 of 45 steps (49%) done

[Sat Aug 27 22:14:41 2022]
rule joinHapASEP:
    input: genes_chr4.done
    output: output/AI/chr4_ASEPfinal.txt, output/AI/chr4_ASEPfinal_geneInfo.txt
    jobid: 4
    wildcards: chrom=4

Submitted job 4 with external jobid '53360137'.
[Sat Aug 27 22:14:52 2022]
Finished job 8.
23 of 45 steps (51%) done
[Sat Aug 27 22:14:52 2022]
Finished job 9.
24 of 45 steps (53%) done
[Sat Aug 27 22:14:53 2022]
Finished job 12.
25 of 45 steps (56%) done
[Sat Aug 27 22:14:54 2022]
Finished job 27.
26 of 45 steps (58%) done

[Sat Aug 27 22:14:54 2022]
rule joinHapASEP:
    input: genes_chr5.done
    output: output/AI/chr5_ASEPfinal.txt, output/AI/chr5_ASEPfinal_geneInfo.txt
    jobid: 5
    wildcards: chrom=5

Submitted job 5 with external jobid '53360138'.
[Sat Aug 27 22:15:05 2022]
Finished job 5.
27 of 45 steps (60%) done
[Sat Aug 27 22:15:05 2022]
Finished job 4.
28 of 45 steps (62%) done
[Sat Aug 27 22:15:31 2022]
Finished job 33.
29 of 45 steps (64%) done

[Sat Aug 27 22:15:31 2022]
rule joinHapASEP:
    input: genes_chr11.done
    output: output/AI/chr11_ASEPfinal.txt, output/AI/chr11_ASEPfinal_geneInfo.txt
    jobid: 11
    wildcards: chrom=11

Submitted job 11 with external jobid '53360141'.
[Sat Aug 27 22:15:41 2022]
Finished job 41.
30 of 45 steps (67%) done

[Sat Aug 27 22:15:41 2022]
rule joinHapASEP:
    input: genes_chr19.done
    output: output/AI/chr19_ASEPfinal.txt, output/AI/chr19_ASEPfinal_geneInfo.txt
    jobid: 19
    wildcards: chrom=19

Submitted job 19 with external jobid '53360142'.
[Sat Aug 27 22:15:43 2022]
Finished job 11.
31 of 45 steps (69%) done
[Sat Aug 27 22:15:54 2022]
Finished job 39.
32 of 45 steps (71%) done

[Sat Aug 27 22:15:54 2022]
rule joinHapASEP:
    input: genes_chr17.done
    output: output/AI/chr17_ASEPfinal.txt, output/AI/chr17_ASEPfinal_geneInfo.txt
    jobid: 17
    wildcards: chrom=17

Submitted job 17 with external jobid '53360144'.
[Sat Aug 27 22:16:04 2022]
Finished job 17.
33 of 45 steps (73%) done
[Sat Aug 27 22:16:05 2022]
Finished job 19.
34 of 45 steps (76%) done
[Sat Aug 27 22:16:05 2022]
Finished job 25.
35 of 45 steps (78%) done

[Sat Aug 27 22:16:05 2022]
rule joinHapASEP:
    input: genes_chr3.done
    output: output/AI/chr3_ASEPfinal.txt, output/AI/chr3_ASEPfinal_geneInfo.txt
    jobid: 3
    wildcards: chrom=3

Submitted job 3 with external jobid '53360145'.
[Sat Aug 27 22:16:27 2022]
Finished job 3.
36 of 45 steps (80%) done
[Sat Aug 27 22:16:28 2022]
Finished job 28.
37 of 45 steps (82%) done

[Sat Aug 27 22:16:28 2022]
rule joinHapASEP:
    input: genes_chr6.done
    output: output/AI/chr6_ASEPfinal.txt, output/AI/chr6_ASEPfinal_geneInfo.txt
    jobid: 6
    wildcards: chrom=6

Submitted job 6 with external jobid '53360147'.
[Sat Aug 27 22:16:38 2022]
Finished job 6.
38 of 45 steps (84%) done
[Sat Aug 27 22:17:00 2022]
Finished job 29.
39 of 45 steps (87%) done

[Sat Aug 27 22:17:00 2022]
rule joinHapASEP:
    input: genes_chr7.done
    output: output/AI/chr7_ASEPfinal.txt, output/AI/chr7_ASEPfinal_geneInfo.txt
    jobid: 7
    wildcards: chrom=7

Submitted job 7 with external jobid '53360148'.
[Sat Aug 27 22:17:11 2022]
Finished job 7.
40 of 45 steps (89%) done
[Sat Aug 27 22:17:22 2022]
Finished job 24.
41 of 45 steps (91%) done

[Sat Aug 27 22:17:22 2022]
rule joinHapASEP:
    input: genes_chr2.done
    output: output/AI/chr2_ASEPfinal.txt, output/AI/chr2_ASEPfinal_geneInfo.txt
    jobid: 2
    wildcards: chrom=2

Submitted job 2 with external jobid '53360149'.
[Sat Aug 27 22:17:43 2022]
Finished job 2.
42 of 45 steps (93%) done
[Sat Aug 27 22:18:24 2022]
Finished job 23.
43 of 45 steps (96%) done

[Sat Aug 27 22:18:24 2022]
rule joinHapASEP:
    input: genes_chr1.done
    output: output/AI/chr1_ASEPfinal.txt, output/AI/chr1_ASEPfinal_geneInfo.txt
    jobid: 1
    wildcards: chrom=1

Submitted job 1 with external jobid '53360151'.
[Sat Aug 27 22:18:44 2022]
Finished job 1.
44 of 45 steps (98%) done

[Sat Aug 27 22:18:44 2022]
localrule all:
    input: output/AI/chr1_ASEPfinal.txt, output/AI/chr2_ASEPfinal.txt, output/AI/chr3_ASEPfinal.txt, output/AI/chr4_ASEPfinal.txt, output/AI/chr5_ASEPfinal.txt, output/AI/chr6_ASEPfinal.txt, output/AI/chr7_ASEPfinal.txt, output/AI/chr8_ASEPfinal.txt, output/AI/chr9_ASEPfinal.txt, output/AI/chr10_ASEPfinal.txt, output/AI/chr11_ASEPfinal.txt, output/AI/chr12_ASEPfinal.txt, output/AI/chr13_ASEPfinal.txt, output/AI/chr14_ASEPfinal.txt, output/AI/chr15_ASEPfinal.txt, output/AI/chr16_ASEPfinal.txt, output/AI/chr17_ASEPfinal.txt, output/AI/chr18_ASEPfinal.txt, output/AI/chr19_ASEPfinal.txt, output/AI/chr20_ASEPfinal.txt, output/AI/chr21_ASEPfinal.txt, output/AI/chr22_ASEPfinal.txt, output/AI/chr1_ASEPfinal_geneInfo.txt, output/AI/chr2_ASEPfinal_geneInfo.txt, output/AI/chr3_ASEPfinal_geneInfo.txt, output/AI/chr4_ASEPfinal_geneInfo.txt, output/AI/chr5_ASEPfinal_geneInfo.txt, output/AI/chr6_ASEPfinal_geneInfo.txt, output/AI/chr7_ASEPfinal_geneInfo.txt, output/AI/chr8_ASEPfinal_geneInfo.txt, output/AI/chr9_ASEPfinal_geneInfo.txt, output/AI/chr10_ASEPfinal_geneInfo.txt, output/AI/chr11_ASEPfinal_geneInfo.txt, output/AI/chr12_ASEPfinal_geneInfo.txt, output/AI/chr13_ASEPfinal_geneInfo.txt, output/AI/chr14_ASEPfinal_geneInfo.txt, output/AI/chr15_ASEPfinal_geneInfo.txt, output/AI/chr16_ASEPfinal_geneInfo.txt, output/AI/chr17_ASEPfinal_geneInfo.txt, output/AI/chr18_ASEPfinal_geneInfo.txt, output/AI/chr19_ASEPfinal_geneInfo.txt, output/AI/chr20_ASEPfinal_geneInfo.txt, output/AI/chr21_ASEPfinal_geneInfo.txt, output/AI/chr22_ASEPfinal_geneInfo.txt
    jobid: 0

[Sat Aug 27 22:18:44 2022]
Finished job 0.
45 of 45 steps (100%) done
Complete log: /pine/scr/n/e/nekramer/8_1_22_AIproc/CQTL/AllelicImbalance/processing/.snakemake/log/2022-08-27T220804.793537.snakemake.log
