INFO [2023-06-22 15:40:00] [[1]]
INFO [2023-06-22 15:40:00] list(ctl_desex_pval01$gene_id, fnf_desex_pval01$gene_id)
INFO [2023-06-22 15:40:00] 
INFO [2023-06-22 15:40:00] $filename
INFO [2023-06-22 15:40:00] [1] "plots/sex_de_venn.tiff"
INFO [2023-06-22 15:40:00] 
INFO [2023-06-22 15:40:00] $category.names
INFO [2023-06-22 15:40:00] c("Control", "FN-f")
INFO [2023-06-22 15:40:00] 
INFO [2023-06-22 15:40:00] $output
INFO [2023-06-22 15:40:00] [1] TRUE
INFO [2023-06-22 15:40:00] 
INFO [2023-06-22 15:40:00] $lwd
INFO [2023-06-22 15:40:00] [1] 0
INFO [2023-06-22 15:40:00] 
INFO [2023-06-22 15:40:00] $fill
INFO [2023-06-22 15:40:00] c("#EDB361", "#6996C7")
INFO [2023-06-22 15:40:00] 
INFO [2023-06-22 15:40:00] $label.col
INFO [2023-06-22 15:40:00] [1] "grey35"
INFO [2023-06-22 15:40:00] 
INFO [2023-06-22 15:40:00] $cat.col
INFO [2023-06-22 15:40:00] c("#EDB361", "#6996C7")
INFO [2023-06-22 15:40:00] 
INFO [2023-06-22 15:40:00] $cat.pos
INFO [2023-06-22 15:40:00] c(360, 340)
INFO [2023-06-22 15:40:00] 
INFO [2023-06-22 15:40:00] $cex
INFO [2023-06-22 15:40:00] [1] 2
INFO [2023-06-22 15:40:00] 
INFO [2023-06-22 15:40:00] $cat.cex
INFO [2023-06-22 15:40:00] [1] 2.1
INFO [2023-06-22 15:40:00] 
INFO [2023-06-22 15:40:00] $rotation.degree
INFO [2023-06-22 15:40:00] [1] 180
INFO [2023-06-22 15:40:00] 
