INFO [2023-06-22 15:38:36] [[1]]
INFO [2023-06-22 15:38:36] list(ctl_desex_pval01$gene_id, fnf_desex_pval01$gene_id)
INFO [2023-06-22 15:38:36] 
INFO [2023-06-22 15:38:36] $filename
INFO [2023-06-22 15:38:36] [1] "plots/sex_de_venn.tiff"
INFO [2023-06-22 15:38:36] 
INFO [2023-06-22 15:38:36] $category.names
INFO [2023-06-22 15:38:36] c("Control", "FN-f")
INFO [2023-06-22 15:38:36] 
INFO [2023-06-22 15:38:36] $output
INFO [2023-06-22 15:38:36] [1] TRUE
INFO [2023-06-22 15:38:36] 
INFO [2023-06-22 15:38:36] $lwd
INFO [2023-06-22 15:38:36] [1] 0
INFO [2023-06-22 15:38:36] 
INFO [2023-06-22 15:38:36] $fill
INFO [2023-06-22 15:38:36] c("#EDB361", "#6996C7")
INFO [2023-06-22 15:38:36] 
INFO [2023-06-22 15:38:36] $label.col
INFO [2023-06-22 15:38:36] [1] "grey35"
INFO [2023-06-22 15:38:36] 
INFO [2023-06-22 15:38:36] $cat.col
INFO [2023-06-22 15:38:36] c("#EDB361", "#6996C7")
INFO [2023-06-22 15:38:36] 
INFO [2023-06-22 15:38:36] $cat.pos
INFO [2023-06-22 15:38:36] c(360, 320)
INFO [2023-06-22 15:38:36] 
INFO [2023-06-22 15:38:36] $cex
INFO [2023-06-22 15:38:36] [1] 2
INFO [2023-06-22 15:38:36] 
INFO [2023-06-22 15:38:36] $cat.cex
INFO [2023-06-22 15:38:36] [1] 2.1
INFO [2023-06-22 15:38:36] 
INFO [2023-06-22 15:38:36] $rotation.degree
INFO [2023-06-22 15:38:36] [1] 180
INFO [2023-06-22 15:38:36] 
