INFO [2023-06-22 15:38:14] [[1]]
INFO [2023-06-22 15:38:14] list(ctl_desex_pval01$gene_id, fnf_desex_pval01$gene_id)
INFO [2023-06-22 15:38:14] 
INFO [2023-06-22 15:38:14] $filename
INFO [2023-06-22 15:38:14] [1] "plots/sex_de_venn.tiff"
INFO [2023-06-22 15:38:14] 
INFO [2023-06-22 15:38:14] $category.names
INFO [2023-06-22 15:38:14] c("Control", "FN-f")
INFO [2023-06-22 15:38:14] 
INFO [2023-06-22 15:38:14] $output
INFO [2023-06-22 15:38:14] [1] TRUE
INFO [2023-06-22 15:38:14] 
INFO [2023-06-22 15:38:14] $lwd
INFO [2023-06-22 15:38:14] [1] 0
INFO [2023-06-22 15:38:14] 
INFO [2023-06-22 15:38:14] $fill
INFO [2023-06-22 15:38:14] c("#EDB361", "#6996C7")
INFO [2023-06-22 15:38:14] 
INFO [2023-06-22 15:38:14] $label.col
INFO [2023-06-22 15:38:14] [1] "grey35"
INFO [2023-06-22 15:38:14] 
INFO [2023-06-22 15:38:14] $cat.col
INFO [2023-06-22 15:38:14] c("#EDB361", "#6996C7")
INFO [2023-06-22 15:38:14] 
INFO [2023-06-22 15:38:14] $cat.pos
INFO [2023-06-22 15:38:14] c(360, 270)
INFO [2023-06-22 15:38:14] 
INFO [2023-06-22 15:38:14] $cex
INFO [2023-06-22 15:38:14] [1] 2
INFO [2023-06-22 15:38:14] 
INFO [2023-06-22 15:38:14] $cat.cex
INFO [2023-06-22 15:38:14] [1] 2.1
INFO [2023-06-22 15:38:14] 
INFO [2023-06-22 15:38:14] $rotation.degree
INFO [2023-06-22 15:38:14] [1] 180
INFO [2023-06-22 15:38:14] 
