INFO [2023-06-22 15:40:27] [[1]]
INFO [2023-06-22 15:40:27] list(ctl_desex_pval01$gene_id, fnf_desex_pval01$gene_id)
INFO [2023-06-22 15:40:27] 
INFO [2023-06-22 15:40:27] $filename
INFO [2023-06-22 15:40:27] [1] "plots/sex_de_venn.tiff"
INFO [2023-06-22 15:40:27] 
INFO [2023-06-22 15:40:27] $category.names
INFO [2023-06-22 15:40:27] c("Control", "FN-f")
INFO [2023-06-22 15:40:27] 
INFO [2023-06-22 15:40:27] $output
INFO [2023-06-22 15:40:27] [1] TRUE
INFO [2023-06-22 15:40:27] 
INFO [2023-06-22 15:40:27] $lwd
INFO [2023-06-22 15:40:27] [1] 0
INFO [2023-06-22 15:40:27] 
INFO [2023-06-22 15:40:27] $fill
INFO [2023-06-22 15:40:27] c("#EDB361", "#6996C7")
INFO [2023-06-22 15:40:27] 
INFO [2023-06-22 15:40:27] $label.col
INFO [2023-06-22 15:40:27] [1] "grey35"
INFO [2023-06-22 15:40:27] 
INFO [2023-06-22 15:40:27] $cat.col
INFO [2023-06-22 15:40:27] c("#EDB361", "#6996C7")
INFO [2023-06-22 15:40:27] 
INFO [2023-06-22 15:40:27] $cat.pos
INFO [2023-06-22 15:40:27] c(10, 340)
INFO [2023-06-22 15:40:27] 
INFO [2023-06-22 15:40:27] $cex
INFO [2023-06-22 15:40:27] [1] 2
INFO [2023-06-22 15:40:27] 
INFO [2023-06-22 15:40:27] $cat.cex
INFO [2023-06-22 15:40:27] [1] 2.1
INFO [2023-06-22 15:40:27] 
INFO [2023-06-22 15:40:27] $rotation.degree
INFO [2023-06-22 15:40:27] [1] 180
INFO [2023-06-22 15:40:27] 
