INFO [2023-06-22 15:29:59] [[1]]
INFO [2023-06-22 15:29:59] list(ctl_desex_pval01$gene_id, fnf_desex_pval01$gene_id)
INFO [2023-06-22 15:29:59] 
INFO [2023-06-22 15:29:59] $filename
INFO [2023-06-22 15:29:59] [1] "plots/sex_de_venn.tiff"
INFO [2023-06-22 15:29:59] 
INFO [2023-06-22 15:29:59] $category.names
INFO [2023-06-22 15:29:59] c("Control", "FN-f")
INFO [2023-06-22 15:29:59] 
INFO [2023-06-22 15:29:59] $output
INFO [2023-06-22 15:29:59] [1] TRUE
INFO [2023-06-22 15:29:59] 
INFO [2023-06-22 15:29:59] $lwd
INFO [2023-06-22 15:29:59] [1] 0
INFO [2023-06-22 15:29:59] 
INFO [2023-06-22 15:29:59] $fill
INFO [2023-06-22 15:29:59] c("#EDB361", "#6996C7")
INFO [2023-06-22 15:29:59] 
INFO [2023-06-22 15:29:59] $label.col
INFO [2023-06-22 15:29:59] [1] "grey35"
INFO [2023-06-22 15:29:59] 
INFO [2023-06-22 15:29:59] $cat.col
INFO [2023-06-22 15:29:59] c("#EDB361", "#6996C7")
INFO [2023-06-22 15:29:59] 
INFO [2023-06-22 15:29:59] $cat.pos
INFO [2023-06-22 15:29:59] c(360, 360)
INFO [2023-06-22 15:29:59] 
INFO [2023-06-22 15:29:59] $cex
INFO [2023-06-22 15:29:59] [1] 2
INFO [2023-06-22 15:29:59] 
INFO [2023-06-22 15:29:59] $cat.cex
INFO [2023-06-22 15:29:59] [1] 2.1
INFO [2023-06-22 15:29:59] 
INFO [2023-06-22 15:29:59] $rotation.degree
INFO [2023-06-22 15:29:59] [1] 180
INFO [2023-06-22 15:29:59] 
